<?xml version="1.0" encoding="UTF-8"?><testsuite name="nosetests" tests="28" errors="0" failures="0" skip="0"><testcase classname="test_IV3_ST_01_21.TestSideTreeDevicesClass" name="test_check_device_list_for_last_customer" time="43.890"></testcase><testcase classname="test_IV3_ST_01_21.TestSideTreeDevicesClass" name="test_device_count_customer_level" time="15.178"></testcase><testcase classname="test_IV3_ST_01_21.TestSideTreeDevicesClass" name="test_device_count_customer_with_hierarchy_level1" time="65.585"></testcase><testcase classname="test_IV3_ST_01_21.TestSideTreeDevicesClass" name="test_device_count_customer_with_hierarchy_level2" time="70.689"></testcase><testcase classname="test_IV3_ST_01_21.TestSideTreeDevicesClass" name="test_device_count_customer_with_hierarchy_level3" time="75.924"></testcase><testcase classname="test_IV3_ST_01_21.TestSideTreeDevicesClass" name="test_device_list_customer_level" time="45.512"></testcase><testcase classname="test_IV3_ST_01_21.TestSideTreeDevicesClass" name="test_device_list_for_two_customers" time="111.884"></testcase><testcase classname="test_IV3_ST_01_21.TestSideTreeDevicesClass" name="test_device_list_hierarchy_level1" time="50.550"></testcase><testcase classname="test_IV3_ST_01_21.TestSideTreeDevicesClass" name="test_device_list_hierarchy_level2" time="55.777"></testcase><testcase classname="test_IV3_ST_01_21.TestSideTreeDevicesClass" name="test_device_list_hierarchy_level3" time="61.203"></testcase><testcase classname="test_IV3_ST_01_21.TestSideTreeDevicesClass" name="test_device_type_customer_hierarchy_level" time="61.202"></testcase><testcase classname="test_IV3_ST_35_43.TestSideTreeDeviceInfoClass" name="test_tool_tip_for_device_customer_hierarchy_level1" time="56.877"></testcase><testcase classname="test_IV3_ST_35_43.TestSideTreeDeviceInfoClass" name="test_tool_tip_for_device_customer_hierarchy_level2" time="60.816"></testcase><testcase classname="test_IV3_ST_35_43.TestSideTreeDeviceInfoClass" name="test_tool_tip_for_device_customer_hierarchy_level3" time="66.019"></testcase><testcase classname="test_IV3_ST_35_43.TestSideTreeDeviceInfoClass" name="test_tool_tip_for_device_customer_level" time="50.476"></testcase><testcase classname="test_IV3_ST_35_43.TestSideTreeDeviceInfoClass" name="test_tool_tip_for_device_under_diff_cus_hier_level" time="176.883"></testcase><testcase classname="test_IV3_ST_35_43.TestSideTreeDeviceInfoClass" name="test_tool_tip_last_transaction_date" time="50.515"></testcase><testcase classname="test_IV3_ST_35_43.TestSideTreeDeviceInfoClass" name="test_tool_tip_omitting_values" time="50.451"></testcase><testcase classname="test_IV3_ST_44_53.TestSideTreeSearchFilterClass" name="test_seach_device_with_plc_node_id" time="44.886"></testcase><testcase classname="test_IV3_ST_44_53.TestSideTreeSearchFilterClass" name="test_seach_device_with_serial_number" time="41.930"></testcase><testcase classname="test_IV3_ST_44_53.TestSideTreeSearchFilterClass" name="test_seach_device_with_tcc_id" time="41.454"></testcase><testcase classname="test_IV3_ST_44_53.TestSideTreeSearchFilterClass" name="test_search_for_invalid_device" time="10.509"></testcase><testcase classname="test_IV3_ST_44_53.TestSideTreeSearchFilterClass" name="test_search_for_multiple_matches" time="145.869"></testcase><testcase classname="test_IV3_ST_44_53.TestSideTreeSearchFilterClass" name="test_search_with_customer_name" time="10.391"></testcase><testcase classname="test_IV3_ST_44_53.TestSideTreeSearchFilterClass" name="test_search_with_device_name" time="41.684"></testcase><testcase classname="test_IV3_ST_44_53.TestSideTreeSearchFilterClass" name="test_search_with_hierarchy_name" time="10.372"></testcase><testcase classname="test_IV3_ST_44_53.TestSideTreeSearchFilterClass" name="test_search_with_latitude" time="10.350"></testcase><testcase classname="test_IV3_ST_44_53.TestSideTreeSearchFilterClass" name="test_search_with_longitude" time="10.372"></testcase></testsuite>