<?xml version="1.0" encoding="UTF-8"?><testsuite name="nosetests" tests="6" errors="0" failures="0" skip="0"><testcase classname="test_IV3_ST_44_53.TestSideTreeSearchFilterClass" name="test_seach_device_with_plc_node_id" time="45.076"></testcase><testcase classname="test_IV3_ST_44_53.TestSideTreeSearchFilterClass" name="test_seach_device_with_serial_number" time="41.794"></testcase><testcase classname="test_IV3_ST_44_53.TestSideTreeSearchFilterClass" name="test_seach_device_with_tcc_id" time="41.569"></testcase><testcase classname="test_IV3_ST_44_53.TestSideTreeSearchFilterClass" name="test_search_for_invalid_device" time="10.512"></testcase><testcase classname="test_IV3_ST_44_53.TestSideTreeSearchFilterClass" name="test_search_for_multiple_matches" time="41.943"></testcase><testcase classname="test_IV3_ST_44_53.TestSideTreeSearchFilterClass" name="test_search_with_device_name" time="42.023"></testcase></testsuite>