<?xml version="1.0" encoding="UTF-8"?><testsuite name="nosetests" tests="1" errors="1" failures="0" skip="0"><testcase classname="test_IV3_ST_01_21.TestSideTreeDevicesClass" name="test_device_list_for_two_customers" time="16.559"><error type="exceptions.SystemExit" message="0&#10;-------------------- &gt;&gt; begin captured logging &lt;&lt; --------------------&#10;selenium.webdriver.remote.remote_connection: DEBUG: POST http://127.0.0.1:52840/session {&quot;sessionId&quot;: null, &quot;desiredCapabilities&quot;: {&quot;platform&quot;: &quot;ANY&quot;, &quot;browserName&quot;: &quot;chrome&quot;, &quot;version&quot;: &quot;&quot;, &quot;javascriptEnabled&quot;: true, &quot;chromeOptions&quot;: {&quot;args&quot;: [], &quot;extensions&quot;: []}}}&#10;selenium.webdriver.remote.remote_connection: DEBUG: Finished Request&#10;selenium.webdriver.remote.remote_connection: DEBUG: POST http://127.0.0.1:52840/session/2bf2a9a87b77bfd4dc6710af4ffe67f5/window/current/maximize {&quot;windowHandle&quot;: &quot;current&quot;, &quot;sessionId&quot;: &quot;2bf2a9a87b77bfd4dc6710af4ffe67f5&quot;}&#10;selenium.webdriver.remote.remote_connection: DEBUG: Finished Request&#10;selenium.webdriver.remote.remote_connection: DEBUG: POST http://127.0.0.1:52840/session/2bf2a9a87b77bfd4dc6710af4ffe67f5/url {&quot;url&quot;: &quot;http://10.6.3.56&quot;, &quot;sessionId&quot;: &quot;2bf2a9a87b77bfd4dc6710af4ffe67f5&quot;}&#10;selenium.webdriver.remote.remote_connection: DEBUG: Finished Request&#10;selenium.webdriver.remote.remote_connection: DEBUG: POST http://127.0.0.1:52840/session/2bf2a9a87b77bfd4dc6710af4ffe67f5/element {&quot;using&quot;: &quot;name&quot;, &quot;sessionId&quot;: &quot;2bf2a9a87b77bfd4dc6710af4ffe67f5&quot;, &quot;value&quot;: &quot;username&quot;}&#10;selenium.webdriver.remote.remote_connection: DEBUG: Finished Request&#10;selenium.webdriver.remote.remote_connection: DEBUG: POST http://127.0.0.1:52840/session/2bf2a9a87b77bfd4dc6710af4ffe67f5/element/0.9527218106056641-1/value {&quot;sessionId&quot;: &quot;2bf2a9a87b77bfd4dc6710af4ffe67f5&quot;, &quot;id&quot;: &quot;0.9527218106056641-1&quot;, &quot;value&quot;: [&quot;j&quot;, &quot;a&quot;, &quot;m&quot;, &quot;a&quot;, &quot;i&quot;, &quot;c&quot;, &quot;a&quot;]}&#10;selenium.webdriver.remote.remote_connection: DEBUG: Finished Request&#10;selenium.webdriver.remote.remote_connection: DEBUG: POST http://127.0.0.1:52840/session/2bf2a9a87b77bfd4dc6710af4ffe67f5/element {&quot;using&quot;: &quot;name&quot;, &quot;sessionId&quot;: &quot;2bf2a9a87b77bfd4dc6710af4ffe67f5&quot;, &quot;value&quot;: &quot;password&quot;}&#10;selenium.webdriver.remote.remote_connection: DEBUG: Finished Request&#10;selenium.webdriver.remote.remote_connection: DEBUG: POST http://127.0.0.1:52840/session/2bf2a9a87b77bfd4dc6710af4ffe67f5/element/0.9527218106056641-2/value {&quot;sessionId&quot;: &quot;2bf2a9a87b77bfd4dc6710af4ffe67f5&quot;, &quot;id&quot;: &quot;0.9527218106056641-2&quot;, &quot;value&quot;: [&quot;s&quot;, &quot;u&quot;, &quot;p&quot;, &quot;e&quot;, &quot;r&quot;, &quot;u&quot;, &quot;s&quot;, &quot;e&quot;, &quot;r&quot;]}&#10;selenium.webdriver.remote.remote_connection: DEBUG: Finished Request&#10;selenium.webdriver.remote.remote_connection: DEBUG: POST http://127.0.0.1:52840/session/2bf2a9a87b77bfd4dc6710af4ffe67f5/element {&quot;using&quot;: &quot;xpath&quot;, &quot;sessionId&quot;: &quot;2bf2a9a87b77bfd4dc6710af4ffe67f5&quot;, &quot;value&quot;: &quot;//*[@type='button']&quot;}&#10;selenium.webdriver.remote.remote_connection: DEBUG: Finished Request&#10;selenium.webdriver.remote.remote_connection: DEBUG: POST http://127.0.0.1:52840/session/2bf2a9a87b77bfd4dc6710af4ffe67f5/element/0.9527218106056641-3/click {&quot;sessionId&quot;: &quot;2bf2a9a87b77bfd4dc6710af4ffe67f5&quot;, &quot;id&quot;: &quot;0.9527218106056641-3&quot;}&#10;selenium.webdriver.remote.remote_connection: DEBUG: Finished Request&#10;IntelliView: INFO: Successfully logged into the IV3 UI&#10;selenium.webdriver.remote.remote_connection: DEBUG: POST http://127.0.0.1:52840/session/2bf2a9a87b77bfd4dc6710af4ffe67f5/element {&quot;using&quot;: &quot;link text&quot;, &quot;sessionId&quot;: &quot;2bf2a9a87b77bfd4dc6710af4ffe67f5&quot;, &quot;value&quot;: &quot;DASHBOARD&quot;}&#10;selenium.webdriver.remote.remote_connection: DEBUG: Finished Request&#10;selenium.webdriver.remote.remote_connection: DEBUG: POST http://127.0.0.1:52840/session/2bf2a9a87b77bfd4dc6710af4ffe67f5/element {&quot;using&quot;: &quot;link text&quot;, &quot;sessionId&quot;: &quot;2bf2a9a87b77bfd4dc6710af4ffe67f5&quot;, &quot;value&quot;: &quot;DASHBOARD&quot;}&#10;selenium.webdriver.remote.remote_connection: DEBUG: Finished Request&#10;selenium.webdriver.remote.remote_connection: DEBUG: POST http://127.0.0.1:52840/session/2bf2a9a87b77bfd4dc6710af4ffe67f5/element {&quot;using&quot;: &quot;link text&quot;, &quot;sessionId&quot;: &quot;2bf2a9a87b77bfd4dc6710af4ffe67f5&quot;, &quot;value&quot;: &quot;DASHBOARD&quot;}&#10;selenium.webdriver.remote.remote_connection: DEBUG: Finished Request&#10;selenium.webdriver.remote.remote_connection: DEBUG: GET http://127.0.0.1:52840/session/2bf2a9a87b77bfd4dc6710af4ffe67f5/element/0.9527218106056641-4/displayed {&quot;sessionId&quot;: &quot;2bf2a9a87b77bfd4dc6710af4ffe67f5&quot;, &quot;id&quot;: &quot;0.9527218106056641-4&quot;}&#10;selenium.webdriver.remote.remote_connection: DEBUG: Finished Request&#10;selenium.webdriver.remote.remote_connection: DEBUG: POST http://127.0.0.1:52840/session/2bf2a9a87b77bfd4dc6710af4ffe67f5/element {&quot;using&quot;: &quot;link text&quot;, &quot;sessionId&quot;: &quot;2bf2a9a87b77bfd4dc6710af4ffe67f5&quot;, &quot;value&quot;: &quot;DASHBOARD&quot;}&#10;selenium.webdriver.remote.remote_connection: DEBUG: Finished Request&#10;selenium.webdriver.remote.remote_connection: DEBUG: POST http://127.0.0.1:52840/session/2bf2a9a87b77bfd4dc6710af4ffe67f5/element {&quot;using&quot;: &quot;xpath&quot;, &quot;sessionId&quot;: &quot;2bf2a9a87b77bfd4dc6710af4ffe67f5&quot;, &quot;value&quot;: &quot;//*[@id='App']/div[1]/div[1]/div/ul/li[1]/div/ul/li[3]/a&quot;}&#10;selenium.webdriver.remote.remote_connection: DEBUG: Finished Request&#10;selenium.webdriver.remote.remote_connection: DEBUG: POST http://127.0.0.1:52840/session/2bf2a9a87b77bfd4dc6710af4ffe67f5/moveto {&quot;sessionId&quot;: &quot;2bf2a9a87b77bfd4dc6710af4ffe67f5&quot;, &quot;element&quot;: &quot;0.9527218106056641-4&quot;}&#10;selenium.webdriver.remote.remote_connection: DEBUG: Finished Request&#10;selenium.webdriver.remote.remote_connection: DEBUG: POST http://127.0.0.1:52840/session/2bf2a9a87b77bfd4dc6710af4ffe67f5/moveto {&quot;sessionId&quot;: &quot;2bf2a9a87b77bfd4dc6710af4ffe67f5&quot;, &quot;element&quot;: &quot;0.9527218106056641-5&quot;}&#10;selenium.webdriver.remote.remote_connection: DEBUG: Finished Request&#10;selenium.webdriver.remote.remote_connection: DEBUG: POST http://127.0.0.1:52840/session/2bf2a9a87b77bfd4dc6710af4ffe67f5/click {&quot;button&quot;: 0, &quot;sessionId&quot;: &quot;2bf2a9a87b77bfd4dc6710af4ffe67f5&quot;}&#10;selenium.webdriver.remote.remote_connection: DEBUG: Finished Request&#10;selenium.webdriver.remote.remote_connection: DEBUG: POST http://127.0.0.1:52840/session/2bf2a9a87b77bfd4dc6710af4ffe67f5/elements {&quot;using&quot;: &quot;xpath&quot;, &quot;sessionId&quot;: &quot;2bf2a9a87b77bfd4dc6710af4ffe67f5&quot;, &quot;value&quot;: &quot;//*[@data-hierarchy-type='CUSTOMER']&quot;}&#10;selenium.webdriver.remote.remote_connection: DEBUG: Finished Request&#10;IntelliView: ERROR: No customers are found, so exiting&#10;--------------------- &gt;&gt; end captured logging &lt;&lt; ---------------------"><![CDATA[  File "/usr/lib/python2.7/unittest/case.py", line 331, in run
    testMethod()
  File "/usr/local/lib/python2.7/dist-packages/nose/case.py", line 197, in runTest
    self.test(*self.arg)
  File "/home/valar/Petra/IV3_automation/iv3_selenium/tests/sideTree/lighting/test_IV3_ST_01_21.py", line 109, in test_device_list_for_two_customers
    CUSTOMER_NAME, HIERARCHY_NAMES)
  File "/home/valar/Petra/IV3_automation/iv3_selenium/lib/common.py", line 158, in get_devices_under_customer_and_hierarchy
    self.expand_and_collapse_customer_name(customerName)
  File "/home/valar/Petra/IV3_automation/iv3_selenium/lib/common.py", line 107, in expand_and_collapse_customer_name
    cusElementList = self.get_customer_list()
  File "/home/valar/Petra/IV3_automation/iv3_selenium/lib/common.py", line 100, in get_customer_list
    sys.exit(0)
'0\n-------------------- >> begin captured logging << --------------------\nselenium.webdriver.remote.remote_connection: DEBUG: POST http://127.0.0.1:52840/session {"sessionId": null, "desiredCapabilities": {"platform": "ANY", "browserName": "chrome", "version": "", "javascriptEnabled": true, "chromeOptions": {"args": [], "extensions": []}}}\nselenium.webdriver.remote.remote_connection: DEBUG: Finished Request\nselenium.webdriver.remote.remote_connection: DEBUG: POST http://127.0.0.1:52840/session/2bf2a9a87b77bfd4dc6710af4ffe67f5/window/current/maximize {"windowHandle": "current", "sessionId": "2bf2a9a87b77bfd4dc6710af4ffe67f5"}\nselenium.webdriver.remote.remote_connection: DEBUG: Finished Request\nselenium.webdriver.remote.remote_connection: DEBUG: POST http://127.0.0.1:52840/session/2bf2a9a87b77bfd4dc6710af4ffe67f5/url {"url": "http://10.6.3.56", "sessionId": "2bf2a9a87b77bfd4dc6710af4ffe67f5"}\nselenium.webdriver.remote.remote_connection: DEBUG: Finished Request\nselenium.webdriver.remote.remote_connection: DEBUG: POST http://127.0.0.1:52840/session/2bf2a9a87b77bfd4dc6710af4ffe67f5/element {"using": "name", "sessionId": "2bf2a9a87b77bfd4dc6710af4ffe67f5", "value": "username"}\nselenium.webdriver.remote.remote_connection: DEBUG: Finished Request\nselenium.webdriver.remote.remote_connection: DEBUG: POST http://127.0.0.1:52840/session/2bf2a9a87b77bfd4dc6710af4ffe67f5/element/0.9527218106056641-1/value {"sessionId": "2bf2a9a87b77bfd4dc6710af4ffe67f5", "id": "0.9527218106056641-1", "value": ["j", "a", "m", "a", "i", "c", "a"]}\nselenium.webdriver.remote.remote_connection: DEBUG: Finished Request\nselenium.webdriver.remote.remote_connection: DEBUG: POST http://127.0.0.1:52840/session/2bf2a9a87b77bfd4dc6710af4ffe67f5/element {"using": "name", "sessionId": "2bf2a9a87b77bfd4dc6710af4ffe67f5", "value": "password"}\nselenium.webdriver.remote.remote_connection: DEBUG: Finished Request\nselenium.webdriver.remote.remote_connection: DEBUG: POST http://127.0.0.1:52840/session/2bf2a9a87b77bfd4dc6710af4ffe67f5/element/0.9527218106056641-2/value {"sessionId": "2bf2a9a87b77bfd4dc6710af4ffe67f5", "id": "0.9527218106056641-2", "value": ["s", "u", "p", "e", "r", "u", "s", "e", "r"]}\nselenium.webdriver.remote.remote_connection: DEBUG: Finished Request\nselenium.webdriver.remote.remote_connection: DEBUG: POST http://127.0.0.1:52840/session/2bf2a9a87b77bfd4dc6710af4ffe67f5/element {"using": "xpath", "sessionId": "2bf2a9a87b77bfd4dc6710af4ffe67f5", "value": "//*[@type=\'button\']"}\nselenium.webdriver.remote.remote_connection: DEBUG: Finished Request\nselenium.webdriver.remote.remote_connection: DEBUG: POST http://127.0.0.1:52840/session/2bf2a9a87b77bfd4dc6710af4ffe67f5/element/0.9527218106056641-3/click {"sessionId": "2bf2a9a87b77bfd4dc6710af4ffe67f5", "id": "0.9527218106056641-3"}\nselenium.webdriver.remote.remote_connection: DEBUG: Finished Request\nIntelliView: INFO: Successfully logged into the IV3 UI\nselenium.webdriver.remote.remote_connection: DEBUG: POST http://127.0.0.1:52840/session/2bf2a9a87b77bfd4dc6710af4ffe67f5/element {"using": "link text", "sessionId": "2bf2a9a87b77bfd4dc6710af4ffe67f5", "value": "DASHBOARD"}\nselenium.webdriver.remote.remote_connection: DEBUG: Finished Request\nselenium.webdriver.remote.remote_connection: DEBUG: POST http://127.0.0.1:52840/session/2bf2a9a87b77bfd4dc6710af4ffe67f5/element {"using": "link text", "sessionId": "2bf2a9a87b77bfd4dc6710af4ffe67f5", "value": "DASHBOARD"}\nselenium.webdriver.remote.remote_connection: DEBUG: Finished Request\nselenium.webdriver.remote.remote_connection: DEBUG: POST http://127.0.0.1:52840/session/2bf2a9a87b77bfd4dc6710af4ffe67f5/element {"using": "link text", "sessionId": "2bf2a9a87b77bfd4dc6710af4ffe67f5", "value": "DASHBOARD"}\nselenium.webdriver.remote.remote_connection: DEBUG: Finished Request\nselenium.webdriver.remote.remote_connection: DEBUG: GET http://127.0.0.1:52840/session/2bf2a9a87b77bfd4dc6710af4ffe67f5/element/0.9527218106056641-4/displayed {"sessionId": "2bf2a9a87b77bfd4dc6710af4ffe67f5", "id": "0.9527218106056641-4"}\nselenium.webdriver.remote.remote_connection: DEBUG: Finished Request\nselenium.webdriver.remote.remote_connection: DEBUG: POST http://127.0.0.1:52840/session/2bf2a9a87b77bfd4dc6710af4ffe67f5/element {"using": "link text", "sessionId": "2bf2a9a87b77bfd4dc6710af4ffe67f5", "value": "DASHBOARD"}\nselenium.webdriver.remote.remote_connection: DEBUG: Finished Request\nselenium.webdriver.remote.remote_connection: DEBUG: POST http://127.0.0.1:52840/session/2bf2a9a87b77bfd4dc6710af4ffe67f5/element {"using": "xpath", "sessionId": "2bf2a9a87b77bfd4dc6710af4ffe67f5", "value": "//*[@id=\'App\']/div[1]/div[1]/div/ul/li[1]/div/ul/li[3]/a"}\nselenium.webdriver.remote.remote_connection: DEBUG: Finished Request\nselenium.webdriver.remote.remote_connection: DEBUG: POST http://127.0.0.1:52840/session/2bf2a9a87b77bfd4dc6710af4ffe67f5/moveto {"sessionId": "2bf2a9a87b77bfd4dc6710af4ffe67f5", "element": "0.9527218106056641-4"}\nselenium.webdriver.remote.remote_connection: DEBUG: Finished Request\nselenium.webdriver.remote.remote_connection: DEBUG: POST http://127.0.0.1:52840/session/2bf2a9a87b77bfd4dc6710af4ffe67f5/moveto {"sessionId": "2bf2a9a87b77bfd4dc6710af4ffe67f5", "element": "0.9527218106056641-5"}\nselenium.webdriver.remote.remote_connection: DEBUG: Finished Request\nselenium.webdriver.remote.remote_connection: DEBUG: POST http://127.0.0.1:52840/session/2bf2a9a87b77bfd4dc6710af4ffe67f5/click {"button": 0, "sessionId": "2bf2a9a87b77bfd4dc6710af4ffe67f5"}\nselenium.webdriver.remote.remote_connection: DEBUG: Finished Request\nselenium.webdriver.remote.remote_connection: DEBUG: POST http://127.0.0.1:52840/session/2bf2a9a87b77bfd4dc6710af4ffe67f5/elements {"using": "xpath", "sessionId": "2bf2a9a87b77bfd4dc6710af4ffe67f5", "value": "//*[@data-hierarchy-type=\'CUSTOMER\']"}\nselenium.webdriver.remote.remote_connection: DEBUG: Finished Request\nIntelliView: ERROR: No customers are found, so exiting\n--------------------- >> end captured logging << ---------------------']]></error></testcase></testsuite>